<?xml version="1.0" encoding="UTF-8"?>
<testng-results ignored="0" total="1" passed="1" failed="0" skipped="0">
  <reporter-output>
  </reporter-output>
  <suite started-at="2019-09-28T22:30:46 IST" name="Suite" finished-at="2019-09-28T22:32:27 IST" duration-ms="101409">
    <groups>
    </groups>
    <test started-at="2019-09-28T22:30:46 IST" name="Test" finished-at="2019-09-28T22:32:27 IST" duration-ms="101409">
      <class name="Java.GoogleSearchTest">
        <test-method is-config="true" signature="SetUp()[pri:0, instance:Java.GoogleSearchTest@402e37bc]" started-at="2019-09-28T22:30:46 IST" name="SetUp" finished-at="2019-09-28T22:31:08 IST" duration-ms="22689" status="PASS">
          <reporter-output>
          </reporter-output>
        </test-method> <!-- SetUp -->
        <test-method signature="test1()[pri:0, instance:Java.GoogleSearchTest@402e37bc]" started-at="2019-09-28T22:31:08 IST" name="test1" finished-at="2019-09-28T22:32:27 IST" duration-ms="78618" status="PASS">
          <reporter-output>
          </reporter-output>
        </test-method> <!-- test1 -->
        <test-method is-config="true" signature="tearDown()[pri:0, instance:Java.GoogleSearchTest@402e37bc]" started-at="2019-09-28T22:32:27 IST" name="tearDown" finished-at="2019-09-28T22:32:27 IST" duration-ms="1" status="PASS">
          <reporter-output>
          </reporter-output>
        </test-method> <!-- tearDown -->
      </class> <!-- Java.GoogleSearchTest -->
    </test> <!-- Test -->
  </suite> <!-- Suite -->
</testng-results>
